2024-04-19 22:22:54 - INFO - User selected: SECP384R1, ECDSA, ChaCha
2024-04-19 22:22:54 - INFO - Generating ECDH keys.
2024-04-19 22:22:54 - DEBUG - Generated ECDH Alice private key and public key.
2024-04-19 22:22:56 - ERROR - Failed to create server or accept connection.
Traceback (most recent call last):
  File "C:\Users\danie\OneDrive\Documents\GitHub\Elliptic-Curves-Cryptography-project\PeerToPeer\Alice.py", line 370, in attempt_connection
    peer_socket.connect(target)
ConnectionRefusedError: [WinError 10061] No connection could be made because the target machine actively refused it
2024-04-19 22:22:56 - INFO - Alice is waiting for a connection on port 8080.
2024-04-19 22:22:56 - INFO - Connection established with Bob at ('127.0.0.1', 63301)
2024-04-19 22:22:56 - INFO - Server created.
2024-04-19 22:22:56 - INFO - Exchanging ECDH keys
2024-04-19 22:22:56 - INFO - Alice connected as server for ECDH key exchange.
2024-04-19 22:22:56 - DEBUG - Alice generated shared key: e0081d9ba44fcc50b6585bd76eac1f7e86acb3437415b71db0a1fc5fc2cc2146c3301cad3dd141af50cc075ee543adbe
2024-04-19 22:22:56 - INFO - Alice received Bob's shared key.
2024-04-19 22:22:56 - INFO - ECDH keys saved at: ../Keys/ECDH/Alice
2024-04-19 22:22:56 - DEBUG - Generated new IV for AES encryption.
2024-04-19 22:22:56 - INFO - Alice sends IV.
2024-04-19 22:22:56 - DEBUG - Exchanged ECDH keys.
2024-04-19 22:22:56 - INFO - Generating Alice's signature keys.
2024-04-19 22:22:56 - DEBUG - Generated Alice's signature keys.
2024-04-19 22:22:56 - INFO - Exchanging signature keys.
2024-04-19 22:22:56 - INFO - Alice connected as server for signature exchange.
2024-04-19 22:22:56 - DEBUG - Received peer signature public key.
2024-04-19 22:22:56 - DEBUG - Exchanged signature keys.
2024-04-19 22:22:56 - INFO - Starting receiver and sender threads.
2024-04-19 22:22:56 - INFO - Started receiver and sender threads.
2024-04-19 22:23:05 - INFO - Received encrypted message: 46494c453a3a746573742e7478747c7c546869732066696c652069732070726976617465
2024-04-19 22:23:05 - INFO - Received and saved file: test.txt
2024-04-19 22:23:11 - INFO - Received encrypted message: 3156d6192e225fe5ce2721227c7c17f29a6d22cdb0f7751baa4969788439a78362441e7c34b0a12cbed9167c7c30450221009fba89da355db32a449d4b61223f3c12002315cae3c485f28ffd71a49ac312bb022055ff7582e88cb27c1bacca454993a582677f468562df75500c64971b8f918109
2024-04-19 22:23:11 - INFO - Decrypted and verified message: Bob: ahoooooj
2024-04-19 22:23:20 - DEBUG - User input message: 
2024-04-19 22:23:20 - DEBUG - Sent encrypted and signed message: b91fa576ee1a331448c944f3a835aebc1f833a4611b7a3
2024-04-19 22:23:20 - DEBUG - User input message: ahoooooooooj
2024-04-19 22:23:20 - DEBUG - Sent encrypted and signed message: 4f6c3c70eedcfc04125fc4ca9dd407fea4fef1840231c535e185b38bd6d2716fa9d43b
2024-04-19 22:23:26 - DEBUG - User input message: quit
2024-04-19 22:23:26 - INFO - User initiated quit.
